{"C:\\Users\\Tom\\Documents\\School\\QUB - Year 4\\Software Engineering in Teams\\Semester 2\\team11-backend\\lib\\api\\email.ts": {"path":"C:\\Users\\Tom\\Documents\\School\\QUB - Year 4\\Software Engineering in Teams\\Semester 2\\team11-backend\\lib\\api\\email.ts","statementMap":{"0":{"start":{"line":2,"column":0},"end":{"line":2,"column":47}},"1":{"start":{"line":3,"column":0},"end":{"line":3,"column":54}},"2":{"start":{"line":16,"column":16},"end":{"line":48,"column":1}},"3":{"start":{"line":17,"column":2},"end":{"line":19,"column":null}},"4":{"start":{"line":18,"column":4},"end":{"line":18,"column":null}},"5":{"start":{"line":21,"column":22},"end":{"line":21,"column":76}},"6":{"start":{"line":23,"column":2},"end":{"line":34,"column":null}},"7":{"start":{"line":33,"column":4},"end":{"line":33,"column":null}},"8":{"start":{"line":36,"column":19},"end":{"line":43,"column":58}},"9":{"start":{"line":45,"column":2},"end":{"line":45,"column":null}},"10":{"start":{"line":47,"column":2},"end":{"line":47,"column":null}},"11":{"start":{"line":50,"column":9},"end":{"line":50,"column":16}}},"fnMap":{"0":{"name":"(anonymous_0)","decl":{"start":{"line":16,"column":16},"end":{"line":16,"column":21}},"loc":{"start":{"line":16,"column":66},"end":{"line":48,"column":1}}}},"branchMap":{"0":{"loc":{"start":{"line":17,"column":2},"end":{"line":19,"column":null}},"type":"if","locations":[{"start":{"line":17,"column":2},"end":{"line":19,"column":null}}]},"1":{"loc":{"start":{"line":23,"column":2},"end":{"line":34,"column":null}},"type":"if","locations":[{"start":{"line":23,"column":2},"end":{"line":34,"column":null}}]},"2":{"loc":{"start":{"line":24,"column":4},"end":{"line":31,"column":32}},"type":"binary-expr","locations":[{"start":{"line":24,"column":4},"end":{"line":24,"column":24}},{"start":{"line":25,"column":4},"end":{"line":25,"column":23}},{"start":{"line":26,"column":4},"end":{"line":26,"column":35}},{"start":{"line":27,"column":4},"end":{"line":27,"column":43}},{"start":{"line":28,"column":4},"end":{"line":28,"column":32}},{"start":{"line":29,"column":4},"end":{"line":29,"column":30}},{"start":{"line":30,"column":4},"end":{"line":30,"column":27}},{"start":{"line":31,"column":4},"end":{"line":31,"column":32}}]}},"s":{"0":1,"1":1,"2":1,"3":4,"4":1,"5":3,"6":3,"7":2,"8":1,"9":1,"10":1,"11":1},"f":{"0":4},"b":{"0":[1],"1":[2],"2":[3,2,2,2,2,2,2,1]}}
,"C:\\Users\\Tom\\Documents\\School\\QUB - Year 4\\Software Engineering in Teams\\Semester 2\\team11-backend\\lib\\api\\health.ts": {"path":"C:\\Users\\Tom\\Documents\\School\\QUB - Year 4\\Software Engineering in Teams\\Semester 2\\team11-backend\\lib\\api\\health.ts","statementMap":{"0":{"start":{"line":2,"column":0},"end":{"line":2,"column":46}},"1":{"start":{"line":3,"column":0},"end":{"line":3,"column":54}},"2":{"start":{"line":5,"column":23},"end":{"line":9,"column":1}},"3":{"start":{"line":6,"column":2},"end":{"line":6,"column":null}},"4":{"start":{"line":8,"column":2},"end":{"line":8,"column":null}},"5":{"start":{"line":5,"column":13},"end":{"line":5,"column":23}}},"fnMap":{"0":{"name":"(anonymous_0)","decl":{"start":{"line":5,"column":23},"end":{"line":5,"column":28}},"loc":{"start":{"line":5,"column":63},"end":{"line":9,"column":1}}}},"branchMap":{},"s":{"0":1,"1":1,"2":1,"3":1,"4":1,"5":1},"f":{"0":1},"b":{}}
,"C:\\Users\\Tom\\Documents\\School\\QUB - Year 4\\Software Engineering in Teams\\Semester 2\\team11-backend\\lib\\api\\login.ts": {"path":"C:\\Users\\Tom\\Documents\\School\\QUB - Year 4\\Software Engineering in Teams\\Semester 2\\team11-backend\\lib\\api\\login.ts","statementMap":{"0":{"start":{"line":1,"column":0},"end":{"line":1,"column":48}},"1":{"start":{"line":3,"column":0},"end":{"line":3,"column":35}},"2":{"start":{"line":4,"column":0},"end":{"line":4,"column":62}},"3":{"start":{"line":5,"column":0},"end":{"line":5,"column":54}},"4":{"start":{"line":8,"column":23},"end":{"line":52,"column":1}},"5":{"start":{"line":9,"column":2},"end":{"line":11,"column":null}},"6":{"start":{"line":10,"column":4},"end":{"line":10,"column":null}},"7":{"start":{"line":13,"column":22},"end":{"line":13,"column":44}},"8":{"start":{"line":15,"column":15},"end":{"line":15,"column":35}},"9":{"start":{"line":16,"column":19},"end":{"line":16,"column":39}},"10":{"start":{"line":18,"column":19},"end":{"line":24,"column":null}},"11":{"start":{"line":26,"column":15},"end":{"line":26,"column":45}},"12":{"start":{"line":28,"column":16},"end":{"line":28,"column":115}},"13":{"start":{"line":30,"column":2},"end":{"line":51,"column":null}},"14":{"start":{"line":31,"column":23},"end":{"line":31,"column":49}},"15":{"start":{"line":33,"column":19},"end":{"line":33,"column":48}},"16":{"start":{"line":35,"column":4},"end":{"line":35,"column":null}},"17":{"start":{"line":37,"column":17},"end":{"line":37,"column":42}},"18":{"start":{"line":39,"column":17},"end":{"line":44,"column":null}},"19":{"start":{"line":46,"column":4},"end":{"line":46,"column":null}},"20":{"start":{"line":48,"column":4},"end":{"line":48,"column":null}},"21":{"start":{"line":50,"column":4},"end":{"line":50,"column":null}},"22":{"start":{"line":8,"column":13},"end":{"line":8,"column":23}}},"fnMap":{"0":{"name":"(anonymous_0)","decl":{"start":{"line":8,"column":23},"end":{"line":8,"column":28}},"loc":{"start":{"line":8,"column":73},"end":{"line":52,"column":1}}}},"branchMap":{"0":{"loc":{"start":{"line":9,"column":2},"end":{"line":11,"column":null}},"type":"if","locations":[{"start":{"line":9,"column":2},"end":{"line":11,"column":null}}]}},"s":{"0":1,"1":1,"2":1,"3":1,"4":1,"5":2,"6":1,"7":1,"8":1,"9":1,"10":1,"11":1,"12":1,"13":1,"14":1,"15":1,"16":1,"17":1,"18":1,"19":1,"20":0,"21":1,"22":1},"f":{"0":2},"b":{"0":[1]}}
,"C:\\Users\\Tom\\Documents\\School\\QUB - Year 4\\Software Engineering in Teams\\Semester 2\\team11-backend\\lib\\api\\register.ts": {"path":"C:\\Users\\Tom\\Documents\\School\\QUB - Year 4\\Software Engineering in Teams\\Semester 2\\team11-backend\\lib\\api\\register.ts","statementMap":{"0":{"start":{"line":1,"column":0},"end":{"line":1,"column":48}},"1":{"start":{"line":3,"column":0},"end":{"line":3,"column":35}},"2":{"start":{"line":4,"column":0},"end":{"line":4,"column":62}},"3":{"start":{"line":5,"column":0},"end":{"line":5,"column":54}},"4":{"start":{"line":7,"column":23},"end":{"line":53,"column":1}},"5":{"start":{"line":8,"column":2},"end":{"line":10,"column":null}},"6":{"start":{"line":9,"column":4},"end":{"line":9,"column":null}},"7":{"start":{"line":12,"column":22},"end":{"line":12,"column":44}},"8":{"start":{"line":14,"column":15},"end":{"line":14,"column":35}},"9":{"start":{"line":15,"column":19},"end":{"line":15,"column":39}},"10":{"start":{"line":17,"column":19},"end":{"line":23,"column":null}},"11":{"start":{"line":25,"column":19},"end":{"line":25,"column":39}},"12":{"start":{"line":26,"column":20},"end":{"line":26,"column":41}},"13":{"start":{"line":27,"column":19},"end":{"line":27,"column":39}},"14":{"start":{"line":28,"column":16},"end":{"line":28,"column":33}},"15":{"start":{"line":29,"column":23},"end":{"line":29,"column":43}},"16":{"start":{"line":31,"column":2},"end":{"line":33,"column":null}},"17":{"start":{"line":32,"column":4},"end":{"line":32,"column":null}},"18":{"start":{"line":35,"column":15},"end":{"line":35,"column":45}},"19":{"start":{"line":37,"column":16},"end":{"line":38,"column":93}},"20":{"start":{"line":40,"column":2},"end":{"line":52,"column":null}},"21":{"start":{"line":41,"column":23},"end":{"line":41,"column":49}},"22":{"start":{"line":43,"column":19},"end":{"line":43,"column":48}},"23":{"start":{"line":45,"column":4},"end":{"line":45,"column":null}},"24":{"start":{"line":47,"column":4},"end":{"line":47,"column":null}},"25":{"start":{"line":49,"column":4},"end":{"line":49,"column":null}},"26":{"start":{"line":51,"column":4},"end":{"line":51,"column":null}},"27":{"start":{"line":7,"column":13},"end":{"line":7,"column":23}}},"fnMap":{"0":{"name":"(anonymous_0)","decl":{"start":{"line":7,"column":23},"end":{"line":7,"column":28}},"loc":{"start":{"line":7,"column":73},"end":{"line":53,"column":1}}}},"branchMap":{"0":{"loc":{"start":{"line":8,"column":2},"end":{"line":10,"column":null}},"type":"if","locations":[{"start":{"line":8,"column":2},"end":{"line":10,"column":null}}]},"1":{"loc":{"start":{"line":31,"column":2},"end":{"line":33,"column":null}},"type":"if","locations":[{"start":{"line":31,"column":2},"end":{"line":33,"column":null}}]},"2":{"loc":{"start":{"line":31,"column":6},"end":{"line":31,"column":69}},"type":"binary-expr","locations":[{"start":{"line":31,"column":6},"end":{"line":31,"column":15}},{"start":{"line":31,"column":19},"end":{"line":31,"column":29}},{"start":{"line":31,"column":33},"end":{"line":31,"column":42}},{"start":{"line":31,"column":46},"end":{"line":31,"column":52}},{"start":{"line":31,"column":56},"end":{"line":31,"column":69}}]}},"s":{"0":1,"1":1,"2":1,"3":1,"4":1,"5":3,"6":1,"7":2,"8":2,"9":2,"10":2,"11":2,"12":2,"13":2,"14":2,"15":2,"16":2,"17":1,"18":1,"19":1,"20":1,"21":1,"22":1,"23":1,"24":1,"25":0,"26":1,"27":1},"f":{"0":3},"b":{"0":[1],"1":[1],"2":[2,1,1,1,1]}}
,"C:\\Users\\Tom\\Documents\\School\\QUB - Year 4\\Software Engineering in Teams\\Semester 2\\team11-backend\\lib\\config\\constants.ts": {"path":"C:\\Users\\Tom\\Documents\\School\\QUB - Year 4\\Software Engineering in Teams\\Semester 2\\team11-backend\\lib\\config\\constants.ts","statementMap":{"0":{"start":{"line":1,"column":21},"end":{"line":1,"column":33}},"1":{"start":{"line":13,"column":9},"end":{"line":13,"column":21}},"2":{"start":{"line":2,"column":13},"end":{"line":2,"column":68}},"3":{"start":{"line":13,"column":23},"end":{"line":13,"column":27}},"4":{"start":{"line":3,"column":13},"end":{"line":3,"column":17}},"5":{"start":{"line":13,"column":29},"end":{"line":13,"column":33}},"6":{"start":{"line":5,"column":22},"end":{"line":9,"column":null}},"7":{"start":{"line":13,"column":35},"end":{"line":13,"column":48}},"8":{"start":{"line":11,"column":26},"end":{"line":11,"column":44}},"9":{"start":{"line":13,"column":50},"end":{"line":13,"column":67}}},"fnMap":{},"branchMap":{},"s":{"0":4,"1":4,"2":4,"3":4,"4":4,"5":4,"6":4,"7":4,"8":4,"9":4},"f":{},"b":{}}
,"C:\\Users\\Tom\\Documents\\School\\QUB - Year 4\\Software Engineering in Teams\\Semester 2\\team11-backend\\lib\\utils\\email-utils.ts": {"path":"C:\\Users\\Tom\\Documents\\School\\QUB - Year 4\\Software Engineering in Teams\\Semester 2\\team11-backend\\lib\\utils\\email-utils.ts","statementMap":{"0":{"start":{"line":1,"column":0},"end":{"line":1,"column":40}},"1":{"start":{"line":2,"column":0},"end":{"line":2,"column":51}},"2":{"start":{"line":4,"column":17},"end":{"line":21,"column":1}},"3":{"start":{"line":5,"column":22},"end":{"line":11,"column":4}},"4":{"start":{"line":13,"column":22},"end":{"line":18,"column":null}},"5":{"start":{"line":20,"column":2},"end":{"line":20,"column":null}},"6":{"start":{"line":23,"column":9},"end":{"line":23,"column":17}}},"fnMap":{"0":{"name":"(anonymous_0)","decl":{"start":{"line":4,"column":17},"end":{"line":4,"column":22}},"loc":{"start":{"line":4,"column":76},"end":{"line":21,"column":1}}}},"branchMap":{},"s":{"0":2,"1":2,"2":2,"3":1,"4":1,"5":1,"6":2},"f":{"0":1},"b":{}}
,"C:\\Users\\Tom\\Documents\\School\\QUB - Year 4\\Software Engineering in Teams\\Semester 2\\team11-backend\\lib\\utils\\logger-utils.ts": {"path":"C:\\Users\\Tom\\Documents\\School\\QUB - Year 4\\Software Engineering in Teams\\Semester 2\\team11-backend\\lib\\utils\\logger-utils.ts","statementMap":{"0":{"start":{"line":1,"column":0},"end":{"line":1,"column":54}},"1":{"start":{"line":3,"column":15},"end":{"line":3,"column":27}},"2":{"start":{"line":5,"column":9},"end":{"line":5,"column":15}}},"fnMap":{},"branchMap":{},"s":{"0":1,"1":1,"2":1},"f":{},"b":{}}
,"C:\\Users\\Tom\\Documents\\School\\QUB - Year 4\\Software Engineering in Teams\\Semester 2\\team11-backend\\lib\\utils\\response-utils.ts": {"path":"C:\\Users\\Tom\\Documents\\School\\QUB - Year 4\\Software Engineering in Teams\\Semester 2\\team11-backend\\lib\\utils\\response-utils.ts","statementMap":{"0":{"start":{"line":1,"column":21},"end":{"line":13,"column":1}},"1":{"start":{"line":2,"column":2},"end":{"line":12,"column":null}},"2":{"start":{"line":15,"column":9},"end":{"line":15,"column":21}}},"fnMap":{"0":{"name":"(anonymous_0)","decl":{"start":{"line":1,"column":21},"end":{"line":1,"column":22}},"loc":{"start":{"line":1,"column":58},"end":{"line":13,"column":1}}}},"branchMap":{},"s":{"0":5,"1":13,"2":5},"f":{"0":13},"b":{}}
}
