{"C:\\Users\\Tom\\Documents\\School\\QUB - Year 4\\Software Engineering in Teams\\Semester 2\\team11-backend\\bin\\team11-backend.ts": {"path":"C:\\Users\\Tom\\Documents\\School\\QUB - Year 4\\Software Engineering in Teams\\Semester 2\\team11-backend\\bin\\team11-backend.ts","statementMap":{"0":{"start":{"line":2,"column":0},"end":{"line":2,"column":36}},"1":{"start":{"line":3,"column":0},"end":{"line":3,"column":34}},"2":{"start":{"line":4,"column":0},"end":{"line":4,"column":64}},"3":{"start":{"line":5,"column":0},"end":{"line":5,"column":51}},"4":{"start":{"line":7,"column":12},"end":{"line":7,"column":25}},"5":{"start":{"line":8,"column":0},"end":{"line":17,"column":null}}},"fnMap":{},"branchMap":{},"s":{"0":0,"1":0,"2":0,"3":0,"4":0,"5":0},"f":{},"b":{}}
,"C:\\Users\\Tom\\Documents\\School\\QUB - Year 4\\Software Engineering in Teams\\Semester 2\\team11-backend\\lib\\team11-backend-stack.ts": {"path":"C:\\Users\\Tom\\Documents\\School\\QUB - Year 4\\Software Engineering in Teams\\Semester 2\\team11-backend\\lib\\team11-backend-stack.ts","statementMap":{"0":{"start":{"line":1,"column":0},"end":{"line":1,"column":null}},"1":{"start":{"line":13,"column":0},"end":{"line":13,"column":46}},"2":{"start":{"line":14,"column":0},"end":{"line":14,"column":59}},"3":{"start":{"line":15,"column":0},"end":{"line":15,"column":46}},"4":{"start":{"line":19,"column":4},"end":{"line":19,"column":null}},"5":{"start":{"line":23,"column":16},"end":{"line":25,"column":6}},"6":{"start":{"line":29,"column":27},"end":{"line":38,"column":null}},"7":{"start":{"line":43,"column":26},"end":{"line":46,"column":6}},"8":{"start":{"line":48,"column":4},"end":{"line":51,"column":null}},"9":{"start":{"line":52,"column":4},"end":{"line":55,"column":null}},"10":{"start":{"line":57,"column":24},"end":{"line":85,"column":null}},"11":{"start":{"line":90,"column":19},"end":{"line":96,"column":null}},"12":{"start":{"line":101,"column":25},"end":{"line":109,"column":null}},"13":{"start":{"line":112,"column":36},"end":{"line":113,"column":null}},"14":{"start":{"line":116,"column":31},"end":{"line":134,"column":null}},"15":{"start":{"line":137,"column":29},"end":{"line":155,"column":null}},"16":{"start":{"line":160,"column":24},"end":{"line":169,"column":null}},"17":{"start":{"line":172,"column":35},"end":{"line":173,"column":null}},"18":{"start":{"line":178,"column":23},"end":{"line":186,"column":null}},"19":{"start":{"line":189,"column":26},"end":{"line":189,"column":72}},"20":{"start":{"line":191,"column":30},"end":{"line":193,"column":null}},"21":{"start":{"line":196,"column":20},"end":{"line":196,"column":57}},"22":{"start":{"line":198,"column":22},"end":{"line":200,"column":48}},"23":{"start":{"line":202,"column":21},"end":{"line":207,"column":8}},"24":{"start":{"line":17,"column":0},"end":{"line":17,"column":13}}},"fnMap":{"0":{"name":"(anonymous_0)","decl":{"start":{"line":18,"column":2},"end":{"line":18,"column":14}},"loc":{"start":{"line":18,"column":62},"end":{"line":208,"column":3}}}},"branchMap":{},"s":{"0":1,"1":1,"2":1,"3":1,"4":1,"5":1,"6":1,"7":1,"8":1,"9":1,"10":1,"11":1,"12":1,"13":1,"14":1,"15":1,"16":1,"17":1,"18":1,"19":1,"20":1,"21":1,"22":1,"23":1,"24":1},"f":{"0":1},"b":{}}
,"C:\\Users\\Tom\\Documents\\School\\QUB - Year 4\\Software Engineering in Teams\\Semester 2\\team11-backend\\lib\\api\\email.ts": {"path":"C:\\Users\\Tom\\Documents\\School\\QUB - Year 4\\Software Engineering in Teams\\Semester 2\\team11-backend\\lib\\api\\email.ts","statementMap":{"0":{"start":{"line":2,"column":0},"end":{"line":2,"column":47}},"1":{"start":{"line":3,"column":0},"end":{"line":3,"column":54}},"2":{"start":{"line":4,"column":0},"end":{"line":4,"column":39}},"3":{"start":{"line":6,"column":11},"end":{"line":6,"column":30}},"4":{"start":{"line":19,"column":16},"end":{"line":48,"column":1}},"5":{"start":{"line":22,"column":18},"end":{"line":22,"column":38}},"6":{"start":{"line":23,"column":31},"end":{"line":23,"column":76}},"7":{"start":{"line":25,"column":2},"end":{"line":27,"column":null}},"8":{"start":{"line":26,"column":4},"end":{"line":26,"column":null}},"9":{"start":{"line":29,"column":22},"end":{"line":29,"column":76}},"10":{"start":{"line":31,"column":2},"end":{"line":31,"column":null}},"11":{"start":{"line":32,"column":28},"end":{"line":32,"column":73}},"12":{"start":{"line":34,"column":19},"end":{"line":41,"column":58}},"13":{"start":{"line":43,"column":2},"end":{"line":43,"column":null}},"14":{"start":{"line":45,"column":2},"end":{"line":45,"column":null}},"15":{"start":{"line":47,"column":2},"end":{"line":47,"column":null}},"16":{"start":{"line":50,"column":9},"end":{"line":50,"column":16}}},"fnMap":{"0":{"name":"(anonymous_0)","decl":{"start":{"line":19,"column":16},"end":{"line":19,"column":21}},"loc":{"start":{"line":19,"column":66},"end":{"line":48,"column":1}}}},"branchMap":{"0":{"loc":{"start":{"line":25,"column":2},"end":{"line":27,"column":null}},"type":"if","locations":[{"start":{"line":25,"column":2},"end":{"line":27,"column":null}}]}},"s":{"0":1,"1":1,"2":1,"3":1,"4":1,"5":2,"6":2,"7":2,"8":1,"9":1,"10":1,"11":1,"12":1,"13":1,"14":1,"15":1,"16":1},"f":{"0":2},"b":{"0":[1]}}
,"C:\\Users\\Tom\\Documents\\School\\QUB - Year 4\\Software Engineering in Teams\\Semester 2\\team11-backend\\lib\\api\\health.ts": {"path":"C:\\Users\\Tom\\Documents\\School\\QUB - Year 4\\Software Engineering in Teams\\Semester 2\\team11-backend\\lib\\api\\health.ts","statementMap":{"0":{"start":{"line":2,"column":0},"end":{"line":2,"column":46}},"1":{"start":{"line":3,"column":0},"end":{"line":3,"column":54}},"2":{"start":{"line":5,"column":23},"end":{"line":9,"column":1}},"3":{"start":{"line":6,"column":2},"end":{"line":6,"column":null}},"4":{"start":{"line":8,"column":2},"end":{"line":8,"column":null}},"5":{"start":{"line":5,"column":13},"end":{"line":5,"column":23}}},"fnMap":{"0":{"name":"(anonymous_0)","decl":{"start":{"line":5,"column":23},"end":{"line":5,"column":28}},"loc":{"start":{"line":5,"column":63},"end":{"line":9,"column":1}}}},"branchMap":{},"s":{"0":1,"1":1,"2":1,"3":1,"4":1,"5":1},"f":{"0":1},"b":{}}
,"C:\\Users\\Tom\\Documents\\School\\QUB - Year 4\\Software Engineering in Teams\\Semester 2\\team11-backend\\lib\\config\\constants.ts": {"path":"C:\\Users\\Tom\\Documents\\School\\QUB - Year 4\\Software Engineering in Teams\\Semester 2\\team11-backend\\lib\\config\\constants.ts","statementMap":{"0":{"start":{"line":1,"column":13},"end":{"line":1,"column":17}},"1":{"start":{"line":26,"column":2},"end":{"line":26,"column":6}},"2":{"start":{"line":3,"column":22},"end":{"line":7,"column":null}},"3":{"start":{"line":27,"column":2},"end":{"line":27,"column":15}},"4":{"start":{"line":9,"column":26},"end":{"line":9,"column":44}},"5":{"start":{"line":28,"column":2},"end":{"line":28,"column":19}},"6":{"start":{"line":11,"column":35},"end":{"line":16,"column":null}},"7":{"start":{"line":29,"column":2},"end":{"line":29,"column":28}},"8":{"start":{"line":18,"column":31},"end":{"line":23,"column":null}},"9":{"start":{"line":30,"column":2},"end":{"line":30,"column":24}}},"fnMap":{},"branchMap":{},"s":{"0":3,"1":3,"2":3,"3":3,"4":3,"5":3,"6":3,"7":3,"8":3,"9":3},"f":{},"b":{}}
,"C:\\Users\\Tom\\Documents\\School\\QUB - Year 4\\Software Engineering in Teams\\Semester 2\\team11-backend\\lib\\config\\environment.ts": {"path":"C:\\Users\\Tom\\Documents\\School\\QUB - Year 4\\Software Engineering in Teams\\Semester 2\\team11-backend\\lib\\config\\environment.ts","statementMap":{"0":{"start":{"line":1,"column":0},"end":{"line":1,"column":80}},"1":{"start":{"line":9,"column":4},"end":{"line":13,"column":null}},"2":{"start":{"line":10,"column":6},"end":{"line":10,"column":null}},"3":{"start":{"line":11,"column":6},"end":{"line":11,"column":null}},"4":{"start":{"line":12,"column":6},"end":{"line":12,"column":null}},"5":{"start":{"line":14,"column":4},"end":{"line":18,"column":null}},"6":{"start":{"line":15,"column":6},"end":{"line":15,"column":null}},"7":{"start":{"line":16,"column":6},"end":{"line":16,"column":null}},"8":{"start":{"line":17,"column":6},"end":{"line":17,"column":null}},"9":{"start":{"line":22,"column":20},"end":{"line":22,"column":74}},"10":{"start":{"line":24,"column":0},"end":{"line":24,"column":null}}},"fnMap":{"0":{"name":"(anonymous_0)","decl":{"start":{"line":8,"column":2},"end":{"line":8,"column":14}},"loc":{"start":{"line":8,"column":25},"end":{"line":19,"column":3}}}},"branchMap":{"0":{"loc":{"start":{"line":9,"column":4},"end":{"line":13,"column":null}},"type":"if","locations":[{"start":{"line":9,"column":4},"end":{"line":13,"column":null}}]},"1":{"loc":{"start":{"line":14,"column":4},"end":{"line":18,"column":null}},"type":"if","locations":[{"start":{"line":14,"column":4},"end":{"line":18,"column":null}}]},"2":{"loc":{"start":{"line":22,"column":36},"end":{"line":22,"column":73}},"type":"binary-expr","locations":[{"start":{"line":22,"column":36},"end":{"line":22,"column":59}},{"start":{"line":22,"column":63},"end":{"line":22,"column":73}}]}},"s":{"0":1,"1":1,"2":1,"3":1,"4":1,"5":1,"6":0,"7":0,"8":0,"9":1,"10":1},"f":{"0":1},"b":{"0":[1],"1":[0],"2":[1,1]}}
,"C:\\Users\\Tom\\Documents\\School\\QUB - Year 4\\Software Engineering in Teams\\Semester 2\\team11-backend\\lib\\config\\validators.ts": {"path":"C:\\Users\\Tom\\Documents\\School\\QUB - Year 4\\Software Engineering in Teams\\Semester 2\\team11-backend\\lib\\config\\validators.ts","statementMap":{"0":{"start":{"line":3,"column":55},"end":{"line":7,"column":null}},"1":{"start":{"line":9,"column":9},"end":{"line":9,"column":30}}},"fnMap":{},"branchMap":{},"s":{"0":1,"1":1},"f":{},"b":{}}
,"C:\\Users\\Tom\\Documents\\School\\QUB - Year 4\\Software Engineering in Teams\\Semester 2\\team11-backend\\lib\\database\\create-schema.ts": {"path":"C:\\Users\\Tom\\Documents\\School\\QUB - Year 4\\Software Engineering in Teams\\Semester 2\\team11-backend\\lib\\database\\create-schema.ts","statementMap":{"0":{"start":{"line":1,"column":0},"end":{"line":1,"column":42}},"1":{"start":{"line":3,"column":0},"end":{"line":3,"column":35}},"2":{"start":{"line":4,"column":0},"end":{"line":4,"column":54}},"3":{"start":{"line":5,"column":0},"end":{"line":5,"column":47}},"4":{"start":{"line":7,"column":14},"end":{"line":25,"column":null}},"5":{"start":{"line":28,"column":23},"end":{"line":58,"column":1}},"6":{"start":{"line":29,"column":15},"end":{"line":29,"column":35}},"7":{"start":{"line":30,"column":19},"end":{"line":30,"column":39}},"8":{"start":{"line":32,"column":19},"end":{"line":32,"column":43}},"9":{"start":{"line":33,"column":15},"end":{"line":33,"column":35}},"10":{"start":{"line":35,"column":19},"end":{"line":41,"column":null}},"11":{"start":{"line":43,"column":15},"end":{"line":43,"column":45}},"12":{"start":{"line":45,"column":2},"end":{"line":57,"column":null}},"13":{"start":{"line":46,"column":23},"end":{"line":46,"column":49}},"14":{"start":{"line":48,"column":19},"end":{"line":48,"column":48}},"15":{"start":{"line":50,"column":4},"end":{"line":50,"column":null}},"16":{"start":{"line":52,"column":4},"end":{"line":52,"column":null}},"17":{"start":{"line":54,"column":4},"end":{"line":54,"column":null}},"18":{"start":{"line":56,"column":4},"end":{"line":56,"column":null}},"19":{"start":{"line":28,"column":13},"end":{"line":28,"column":23}}},"fnMap":{"0":{"name":"(anonymous_0)","decl":{"start":{"line":28,"column":23},"end":{"line":28,"column":28}},"loc":{"start":{"line":28,"column":73},"end":{"line":58,"column":1}}}},"branchMap":{},"s":{"0":0,"1":0,"2":0,"3":0,"4":0,"5":0,"6":0,"7":0,"8":0,"9":0,"10":0,"11":0,"12":0,"13":0,"14":0,"15":0,"16":0,"17":0,"18":0,"19":0},"f":{"0":0},"b":{}}
,"C:\\Users\\Tom\\Documents\\School\\QUB - Year 4\\Software Engineering in Teams\\Semester 2\\team11-backend\\lib\\database\\insert-data.ts": {"path":"C:\\Users\\Tom\\Documents\\School\\QUB - Year 4\\Software Engineering in Teams\\Semester 2\\team11-backend\\lib\\database\\insert-data.ts","statementMap":{"0":{"start":{"line":1,"column":0},"end":{"line":1,"column":42}},"1":{"start":{"line":3,"column":0},"end":{"line":3,"column":35}},"2":{"start":{"line":4,"column":0},"end":{"line":4,"column":54}},"3":{"start":{"line":5,"column":0},"end":{"line":5,"column":47}},"4":{"start":{"line":8,"column":2},"end":{"line":12,"column":23}},"5":{"start":{"line":14,"column":16},"end":{"line":54,"column":null}},"6":{"start":{"line":56,"column":23},"end":{"line":88,"column":1}},"7":{"start":{"line":57,"column":15},"end":{"line":57,"column":35}},"8":{"start":{"line":58,"column":19},"end":{"line":58,"column":39}},"9":{"start":{"line":60,"column":19},"end":{"line":60,"column":43}},"10":{"start":{"line":61,"column":15},"end":{"line":61,"column":35}},"11":{"start":{"line":63,"column":19},"end":{"line":69,"column":null}},"12":{"start":{"line":71,"column":15},"end":{"line":71,"column":45}},"13":{"start":{"line":73,"column":2},"end":{"line":87,"column":null}},"14":{"start":{"line":74,"column":23},"end":{"line":74,"column":49}},"15":{"start":{"line":76,"column":31},"end":{"line":76,"column":63}},"16":{"start":{"line":78,"column":30},"end":{"line":78,"column":61}},"17":{"start":{"line":80,"column":4},"end":{"line":80,"column":null}},"18":{"start":{"line":82,"column":4},"end":{"line":82,"column":null}},"19":{"start":{"line":84,"column":4},"end":{"line":84,"column":null}},"20":{"start":{"line":86,"column":4},"end":{"line":86,"column":null}},"21":{"start":{"line":56,"column":13},"end":{"line":56,"column":23}}},"fnMap":{"0":{"name":"(anonymous_0)","decl":{"start":{"line":56,"column":23},"end":{"line":56,"column":28}},"loc":{"start":{"line":56,"column":73},"end":{"line":88,"column":1}}}},"branchMap":{},"s":{"0":0,"1":0,"2":0,"3":0,"4":0,"5":0,"6":0,"7":0,"8":0,"9":0,"10":0,"11":0,"12":0,"13":0,"14":0,"15":0,"16":0,"17":0,"18":0,"19":0,"20":0,"21":0},"f":{"0":0},"b":{}}
,"C:\\Users\\Tom\\Documents\\School\\QUB - Year 4\\Software Engineering in Teams\\Semester 2\\team11-backend\\lib\\models\\email-model.ts": {"path":"C:\\Users\\Tom\\Documents\\School\\QUB - Year 4\\Software Engineering in Teams\\Semester 2\\team11-backend\\lib\\models\\email-model.ts","statementMap":{"0":{"start":{"line":1,"column":0},"end":{"line":1,"column":62}},"1":{"start":{"line":4,"column":34},"end":{"line":34,"column":null}},"2":{"start":{"line":36,"column":0},"end":{"line":36,"column":null}}},"fnMap":{},"branchMap":{},"s":{"0":1,"1":1,"2":1},"f":{},"b":{}}
,"C:\\Users\\Tom\\Documents\\School\\QUB - Year 4\\Software Engineering in Teams\\Semester 2\\team11-backend\\lib\\utils\\email-utils.ts": {"path":"C:\\Users\\Tom\\Documents\\School\\QUB - Year 4\\Software Engineering in Teams\\Semester 2\\team11-backend\\lib\\utils\\email-utils.ts","statementMap":{"0":{"start":{"line":1,"column":0},"end":{"line":1,"column":40}},"1":{"start":{"line":2,"column":0},"end":{"line":2,"column":51}},"2":{"start":{"line":4,"column":17},"end":{"line":21,"column":1}},"3":{"start":{"line":5,"column":22},"end":{"line":11,"column":4}},"4":{"start":{"line":13,"column":22},"end":{"line":18,"column":null}},"5":{"start":{"line":20,"column":2},"end":{"line":20,"column":null}},"6":{"start":{"line":23,"column":9},"end":{"line":23,"column":17}}},"fnMap":{"0":{"name":"(anonymous_0)","decl":{"start":{"line":4,"column":17},"end":{"line":4,"column":22}},"loc":{"start":{"line":4,"column":76},"end":{"line":21,"column":1}}}},"branchMap":{},"s":{"0":2,"1":2,"2":2,"3":1,"4":1,"5":1,"6":2},"f":{"0":1},"b":{}}
,"C:\\Users\\Tom\\Documents\\School\\QUB - Year 4\\Software Engineering in Teams\\Semester 2\\team11-backend\\lib\\utils\\logger-utils.ts": {"path":"C:\\Users\\Tom\\Documents\\School\\QUB - Year 4\\Software Engineering in Teams\\Semester 2\\team11-backend\\lib\\utils\\logger-utils.ts","statementMap":{"0":{"start":{"line":1,"column":0},"end":{"line":1,"column":54}},"1":{"start":{"line":3,"column":15},"end":{"line":3,"column":27}},"2":{"start":{"line":5,"column":9},"end":{"line":5,"column":15}}},"fnMap":{},"branchMap":{},"s":{"0":1,"1":1,"2":1},"f":{},"b":{}}
,"C:\\Users\\Tom\\Documents\\School\\QUB - Year 4\\Software Engineering in Teams\\Semester 2\\team11-backend\\lib\\utils\\response-utils.ts": {"path":"C:\\Users\\Tom\\Documents\\School\\QUB - Year 4\\Software Engineering in Teams\\Semester 2\\team11-backend\\lib\\utils\\response-utils.ts","statementMap":{"0":{"start":{"line":1,"column":21},"end":{"line":13,"column":1}},"1":{"start":{"line":2,"column":2},"end":{"line":12,"column":null}},"2":{"start":{"line":15,"column":9},"end":{"line":15,"column":21}}},"fnMap":{"0":{"name":"(anonymous_0)","decl":{"start":{"line":1,"column":21},"end":{"line":1,"column":22}},"loc":{"start":{"line":1,"column":58},"end":{"line":13,"column":1}}}},"branchMap":{},"s":{"0":3,"1":6,"2":3},"f":{"0":6},"b":{}}
}
