TN:
SF:lib\api\login.ts
FN:8,(anonymous_0)
FNF:1
FNH:1
FNDA:2,(anonymous_0)
DA:1,1
DA:3,1
DA:4,1
DA:5,1
DA:8,1
DA:10,2
DA:11,1
DA:14,1
DA:16,1
DA:17,1
DA:19,1
DA:27,1
DA:29,1
DA:31,1
DA:32,1
DA:34,1
DA:36,1
DA:38,1
DA:41,1
DA:48,1
DA:50,0
DA:52,1
LF:22
LH:21
BRDA:10,0,0,1
BRF:1
BRH:1
end_of_record
TN:
SF:lib\api\register.ts
FN:18,(anonymous_0)
FNF:1
FNH:1
FNDA:3,(anonymous_0)
DA:1,1
DA:3,1
DA:4,1
DA:5,1
DA:18,1
DA:20,3
DA:21,1
DA:24,2
DA:27,2
DA:28,2
DA:30,2
DA:38,2
DA:39,2
DA:40,2
DA:41,2
DA:42,2
DA:44,2
DA:45,1
DA:48,1
DA:50,1
DA:53,1
DA:54,1
DA:56,1
DA:58,1
DA:60,1
DA:62,0
DA:64,1
LF:27
LH:26
BRDA:20,0,0,1
BRDA:44,1,0,1
BRDA:44,2,0,2
BRDA:44,2,1,1
BRDA:44,2,2,1
BRDA:44,2,3,1
BRDA:44,2,4,1
BRF:7
BRH:7
end_of_record
TN:
SF:lib\config\constants.ts
FNF:0
FNH:0
DA:1,2
DA:2,2
DA:3,2
DA:5,2
LF:4
LH:4
BRF:0
BRH:0
end_of_record
TN:
SF:lib\utils\response-utils.ts
FN:1,(anonymous_0)
FNF:1
FNH:1
FNDA:5,(anonymous_0)
DA:1,2
DA:2,5
DA:15,2
LF:3
LH:3
BRF:0
BRH:0
end_of_record
