TN:
SF:lib\api\email.ts
FN:16,(anonymous_0)
FNF:1
FNH:1
FNDA:5,(anonymous_0)
DA:2,1
DA:3,1
DA:16,1
DA:17,5
DA:18,1
DA:21,4
DA:23,4
DA:35,2
DA:38,2
DA:47,2
DA:49,2
DA:52,1
LF:12
LH:12
BRDA:17,0,0,1
BRDA:23,1,0,2
BRDA:25,2,0,4
BRDA:25,2,1,3
BRDA:25,2,2,3
BRDA:25,2,3,3
BRDA:25,2,4,3
BRDA:25,2,5,3
BRDA:25,2,6,3
BRDA:25,2,7,2
BRF:10
BRH:10
end_of_record
TN:
SF:lib\api\health.ts
FN:5,(anonymous_0)
FNF:1
FNH:1
FNDA:1,(anonymous_0)
DA:2,1
DA:3,1
DA:5,1
DA:6,1
DA:8,1
LF:5
LH:5
BRF:0
BRH:0
end_of_record
TN:
SF:lib\api\login.ts
FN:8,(anonymous_0)
FNF:1
FNH:1
FNDA:2,(anonymous_0)
DA:1,1
DA:3,1
DA:4,1
DA:5,1
DA:8,1
DA:9,2
DA:10,1
DA:13,1
DA:15,1
DA:16,1
DA:18,1
DA:26,1
DA:28,1
DA:30,1
DA:31,1
DA:33,1
DA:35,1
DA:37,1
DA:39,1
DA:46,1
DA:48,0
DA:50,1
LF:22
LH:21
BRDA:9,0,0,1
BRF:1
BRH:1
end_of_record
TN:
SF:lib\api\register.ts
FN:7,(anonymous_0)
FNF:1
FNH:1
FNDA:3,(anonymous_0)
DA:1,1
DA:3,1
DA:4,1
DA:5,1
DA:7,1
DA:8,3
DA:9,1
DA:12,2
DA:14,2
DA:15,2
DA:17,2
DA:25,2
DA:26,2
DA:27,2
DA:28,2
DA:29,2
DA:31,2
DA:32,1
DA:35,1
DA:37,1
DA:40,1
DA:41,1
DA:43,1
DA:45,1
DA:47,1
DA:49,0
DA:51,1
LF:27
LH:26
BRDA:8,0,0,1
BRDA:31,1,0,1
BRDA:31,2,0,2
BRDA:31,2,1,1
BRDA:31,2,2,1
BRDA:31,2,3,1
BRDA:31,2,4,1
BRF:7
BRH:7
end_of_record
TN:
SF:lib\config\constants.ts
FNF:0
FNH:0
DA:1,4
DA:2,4
DA:3,4
DA:5,4
DA:11,4
DA:13,4
LF:6
LH:6
BRF:0
BRH:0
end_of_record
TN:
SF:lib\utils\email-utils.ts
FN:4,(anonymous_0)
FNF:1
FNH:1
FNDA:1,(anonymous_0)
DA:1,2
DA:2,2
DA:4,2
DA:5,1
DA:13,1
DA:20,1
DA:23,2
LF:7
LH:7
BRF:0
BRH:0
end_of_record
TN:
SF:lib\utils\logger-utils.ts
FNF:0
FNH:0
DA:1,1
DA:3,1
DA:5,1
LF:3
LH:3
BRF:0
BRH:0
end_of_record
TN:
SF:lib\utils\response-utils.ts
FN:1,(anonymous_0)
FNF:1
FNH:1
FNDA:14,(anonymous_0)
DA:1,5
DA:2,14
DA:15,5
LF:3
LH:3
BRF:0
BRH:0
end_of_record
